<?xml version="1.0" encoding="UTF-8"?>
<!-- Generated by org.testng.reporters.JUnitXMLReporter -->
<testsuite hostname="patrickrwelsh.local" name="Default test" tests="9" failures="0" timestamp="6 Sep 2013 21:26:30 GMT" time="1.175" errors="0">
  <testcase name="correctPreferenceList_WithContext_returnsPreferenceEntity_WithContext" time="0.392" classname="com.ge.dsp.event.subscriber.core.impl.listener.WhenRetrievingSubscriberPreferences"/>
  <testcase name="jsonWithoutSubscriptionInformation_Returns_EmptyPreferenceEntitiesList" time="0.016" classname="com.ge.dsp.event.subscriber.core.impl.listener.WhenRetrievingSubscriberPreferences"/>
  <testcase name="nullUserPreferenceList_ReturnsNullPreferenceEntitiesList" time="0.0030" classname="com.ge.dsp.event.subscriber.core.impl.listener.WhenRetrievingSubscriberPreferences"/>
  <testcase name="preferenceListWithNullJasonFlag_returnsEmptyUserPreferenceEntitiesList" time="0.0020" classname="com.ge.dsp.event.subscriber.core.impl.listener.WhenRetrievingSubscriberPreferences"/>
  <testcase name="noExceptionIsThrown" time="0.0070" classname="com.ge.dsp.event.subscriber.core.impl.listener.WhenPersistingUserEventEntities"/>
  <testcase name="canHandle_NonNull_EventCallback" time="0.0020" classname="com.ge.dsp.event.subscriber.core.impl.listener.WhenHandlingMessageEvents"/>
  <testcase name="canHandle_NullMessageEvent" time="0.0010" classname="com.ge.dsp.event.subscriber.core.impl.listener.WhenHandlingMessageEvents"/>
  <testcase name="emailNotification_WithNullEventCallBack_isCreatedProperly" time="0.107" classname="com.ge.dsp.event.subscriber.core.impl.listener.WhenHandlingMessageEvents"/>
  <testcase name="httpNotification_WithNullEventCallBack_isCreatedProperly" time="0.038" classname="com.ge.dsp.event.subscriber.core.impl.listener.WhenHandlingMessageEvents"/>
</testsuite> <!-- Default test -->
