<?xml version="1.0" encoding="UTF-8"?>
<testng-results skipped="0" failed="0" total="9" passed="9">
  <reporter-output>
  </reporter-output>
  <suite name="Default suite" duration-ms="1175" started-at="2013-09-06T21:26:29Z" finished-at="2013-09-06T21:26:30Z">
    <groups>
    </groups>
    <test name="Default test" duration-ms="1175" started-at="2013-09-06T21:26:29Z" finished-at="2013-09-06T21:26:30Z">
      <class name="com.ge.dsp.event.subscriber.core.impl.listener.WhenPersistingUserEventEntities">
        <test-method status="PASS" signature="beforePowerMockTestClass()[pri:0, instance:com.ge.dsp.event.subscriber.core.impl.listener.WhenPersistingUserEventEntities@580754fc]" name="beforePowerMockTestClass" is-config="true" duration-ms="0" started-at="2013-09-06T17:26:30Z" finished-at="2013-09-06T17:26:30Z">
          <reporter-output>
          </reporter-output>
        </test-method> <!-- beforePowerMockTestClass -->
        <test-method status="PASS" signature="noExceptionIsThrown()[pri:0, instance:com.ge.dsp.event.subscriber.core.impl.listener.WhenPersistingUserEventEntities@580754fc]" name="noExceptionIsThrown" duration-ms="7" started-at="2013-09-06T17:26:30Z" finished-at="2013-09-06T17:26:30Z">
          <reporter-output>
          </reporter-output>
        </test-method> <!-- noExceptionIsThrown -->
        <test-method status="PASS" signature="beforePowerMockTestMethod()[pri:0, instance:com.ge.dsp.event.subscriber.core.impl.listener.WhenPersistingUserEventEntities@580754fc]" name="beforePowerMockTestMethod" is-config="true" duration-ms="0" started-at="2013-09-06T17:26:30Z" finished-at="2013-09-06T17:26:30Z">
          <reporter-output>
          </reporter-output>
        </test-method> <!-- beforePowerMockTestMethod -->
        <test-method status="PASS" signature="afterPowerMockTestMethod()[pri:0, instance:com.ge.dsp.event.subscriber.core.impl.listener.WhenPersistingUserEventEntities@580754fc]" name="afterPowerMockTestMethod" is-config="true" duration-ms="1" started-at="2013-09-06T17:26:30Z" finished-at="2013-09-06T17:26:30Z">
          <reporter-output>
          </reporter-output>
        </test-method> <!-- afterPowerMockTestMethod -->
        <test-method status="PASS" signature="afterPowerMockTestClass()[pri:0, instance:com.ge.dsp.event.subscriber.core.impl.listener.WhenPersistingUserEventEntities@580754fc]" name="afterPowerMockTestClass" is-config="true" duration-ms="0" started-at="2013-09-06T17:26:30Z" finished-at="2013-09-06T17:26:30Z">
          <reporter-output>
          </reporter-output>
        </test-method> <!-- afterPowerMockTestClass -->
      </class> <!-- com.ge.dsp.event.subscriber.core.impl.listener.WhenPersistingUserEventEntities -->
      <class name="com.ge.dsp.event.subscriber.core.impl.listener.WhenHandlingMessageEvents">
        <test-method status="PASS" signature="setUp()[pri:0, instance:com.ge.dsp.event.subscriber.core.impl.listener.WhenHandlingMessageEvents@40bc5596]" name="setUp" is-config="true" duration-ms="340" started-at="2013-09-06T17:26:29Z" finished-at="2013-09-06T17:26:29Z">
          <reporter-output>
          </reporter-output>
        </test-method> <!-- setUp -->
        <test-method status="PASS" signature="setUp()[pri:0, instance:com.ge.dsp.event.subscriber.core.impl.listener.WhenPersistingUserEventEntities@580754fc]" name="setUp" is-config="true" duration-ms="213" started-at="2013-09-06T17:26:29Z" finished-at="2013-09-06T17:26:30Z">
          <reporter-output>
          </reporter-output>
        </test-method> <!-- setUp -->
        <test-method status="PASS" signature="setUp()[pri:0, instance:com.ge.dsp.event.subscriber.core.impl.listener.WhenRetrievingSubscriberPreferences@7f401d28]" name="setUp" is-config="true" duration-ms="15" started-at="2013-09-06T17:26:30Z" finished-at="2013-09-06T17:26:30Z">
          <reporter-output>
          </reporter-output>
        </test-method> <!-- setUp -->
        <test-method status="PASS" signature="beforePowerMockTestClass()[pri:0, instance:com.ge.dsp.event.subscriber.core.impl.listener.WhenHandlingMessageEvents@40bc5596]" name="beforePowerMockTestClass" is-config="true" duration-ms="0" started-at="2013-09-06T17:26:30Z" finished-at="2013-09-06T17:26:30Z">
          <reporter-output>
          </reporter-output>
        </test-method> <!-- beforePowerMockTestClass -->
        <test-method status="PASS" signature="beforePowerMockTestMethod()[pri:0, instance:com.ge.dsp.event.subscriber.core.impl.listener.WhenHandlingMessageEvents@40bc5596]" name="beforePowerMockTestMethod" is-config="true" duration-ms="0" started-at="2013-09-06T17:26:30Z" finished-at="2013-09-06T17:26:30Z">
          <reporter-output>
          </reporter-output>
        </test-method> <!-- beforePowerMockTestMethod -->
        <test-method status="PASS" signature="canHandle_NonNull_EventCallback()[pri:0, instance:com.ge.dsp.event.subscriber.core.impl.listener.WhenHandlingMessageEvents@40bc5596]" name="canHandle_NonNull_EventCallback" duration-ms="2" started-at="2013-09-06T17:26:30Z" finished-at="2013-09-06T17:26:30Z">
          <reporter-output>
          </reporter-output>
        </test-method> <!-- canHandle_NonNull_EventCallback -->
        <test-method status="PASS" signature="beforePowerMockTestMethod()[pri:0, instance:com.ge.dsp.event.subscriber.core.impl.listener.WhenHandlingMessageEvents@40bc5596]" name="beforePowerMockTestMethod" is-config="true" duration-ms="1" started-at="2013-09-06T17:26:30Z" finished-at="2013-09-06T17:26:30Z">
          <reporter-output>
          </reporter-output>
        </test-method> <!-- beforePowerMockTestMethod -->
        <test-method status="PASS" signature="afterPowerMockTestMethod()[pri:0, instance:com.ge.dsp.event.subscriber.core.impl.listener.WhenHandlingMessageEvents@40bc5596]" name="afterPowerMockTestMethod" is-config="true" duration-ms="0" started-at="2013-09-06T17:26:30Z" finished-at="2013-09-06T17:26:30Z">
          <reporter-output>
          </reporter-output>
        </test-method> <!-- afterPowerMockTestMethod -->
        <test-method status="PASS" signature="canHandle_NullMessageEvent()[pri:0, instance:com.ge.dsp.event.subscriber.core.impl.listener.WhenHandlingMessageEvents@40bc5596]" name="canHandle_NullMessageEvent" duration-ms="1" started-at="2013-09-06T17:26:30Z" finished-at="2013-09-06T17:26:30Z">
          <reporter-output>
          </reporter-output>
        </test-method> <!-- canHandle_NullMessageEvent -->
        <test-method status="PASS" signature="afterPowerMockTestMethod()[pri:0, instance:com.ge.dsp.event.subscriber.core.impl.listener.WhenHandlingMessageEvents@40bc5596]" name="afterPowerMockTestMethod" is-config="true" duration-ms="0" started-at="2013-09-06T17:26:30Z" finished-at="2013-09-06T17:26:30Z">
          <reporter-output>
          </reporter-output>
        </test-method> <!-- afterPowerMockTestMethod -->
        <test-method status="PASS" signature="beforePowerMockTestMethod()[pri:0, instance:com.ge.dsp.event.subscriber.core.impl.listener.WhenHandlingMessageEvents@40bc5596]" name="beforePowerMockTestMethod" is-config="true" duration-ms="1" started-at="2013-09-06T17:26:30Z" finished-at="2013-09-06T17:26:30Z">
          <reporter-output>
          </reporter-output>
        </test-method> <!-- beforePowerMockTestMethod -->
        <test-method status="PASS" signature="emailNotification_WithNullEventCallBack_isCreatedProperly()[pri:0, instance:com.ge.dsp.event.subscriber.core.impl.listener.WhenHandlingMessageEvents@40bc5596]" name="emailNotification_WithNullEventCallBack_isCreatedProperly" duration-ms="107" started-at="2013-09-06T17:26:30Z" finished-at="2013-09-06T17:26:30Z">
          <reporter-output>
          </reporter-output>
        </test-method> <!-- emailNotification_WithNullEventCallBack_isCreatedProperly -->
        <test-method status="PASS" signature="afterPowerMockTestMethod()[pri:0, instance:com.ge.dsp.event.subscriber.core.impl.listener.WhenHandlingMessageEvents@40bc5596]" name="afterPowerMockTestMethod" is-config="true" duration-ms="0" started-at="2013-09-06T17:26:30Z" finished-at="2013-09-06T17:26:30Z">
          <reporter-output>
          </reporter-output>
        </test-method> <!-- afterPowerMockTestMethod -->
        <test-method status="PASS" signature="beforePowerMockTestMethod()[pri:0, instance:com.ge.dsp.event.subscriber.core.impl.listener.WhenHandlingMessageEvents@40bc5596]" name="beforePowerMockTestMethod" is-config="true" duration-ms="0" started-at="2013-09-06T17:26:30Z" finished-at="2013-09-06T17:26:30Z">
          <reporter-output>
          </reporter-output>
        </test-method> <!-- beforePowerMockTestMethod -->
        <test-method status="PASS" signature="httpNotification_WithNullEventCallBack_isCreatedProperly()[pri:0, instance:com.ge.dsp.event.subscriber.core.impl.listener.WhenHandlingMessageEvents@40bc5596]" name="httpNotification_WithNullEventCallBack_isCreatedProperly" duration-ms="38" started-at="2013-09-06T17:26:30Z" finished-at="2013-09-06T17:26:30Z">
          <reporter-output>
          </reporter-output>
        </test-method> <!-- httpNotification_WithNullEventCallBack_isCreatedProperly -->
        <test-method status="PASS" signature="afterPowerMockTestMethod()[pri:0, instance:com.ge.dsp.event.subscriber.core.impl.listener.WhenHandlingMessageEvents@40bc5596]" name="afterPowerMockTestMethod" is-config="true" duration-ms="0" started-at="2013-09-06T17:26:30Z" finished-at="2013-09-06T17:26:30Z">
          <reporter-output>
          </reporter-output>
        </test-method> <!-- afterPowerMockTestMethod -->
        <test-method status="PASS" signature="afterPowerMockTestClass()[pri:0, instance:com.ge.dsp.event.subscriber.core.impl.listener.WhenHandlingMessageEvents@40bc5596]" name="afterPowerMockTestClass" is-config="true" duration-ms="0" started-at="2013-09-06T17:26:30Z" finished-at="2013-09-06T17:26:30Z">
          <reporter-output>
          </reporter-output>
        </test-method> <!-- afterPowerMockTestClass -->
      </class> <!-- com.ge.dsp.event.subscriber.core.impl.listener.WhenHandlingMessageEvents -->
      <class name="com.ge.dsp.event.subscriber.core.impl.listener.WhenRetrievingSubscriberPreferences">
        <test-method status="PASS" signature="beforePowerMockTestClass()[pri:0, instance:com.ge.dsp.event.subscriber.core.impl.listener.WhenRetrievingSubscriberPreferences@7f401d28]" name="beforePowerMockTestClass" is-config="true" duration-ms="3" started-at="2013-09-06T17:26:30Z" finished-at="2013-09-06T17:26:30Z">
          <reporter-output>
          </reporter-output>
        </test-method> <!-- beforePowerMockTestClass -->
        <test-method status="PASS" signature="beforePowerMockTestMethod()[pri:0, instance:com.ge.dsp.event.subscriber.core.impl.listener.WhenRetrievingSubscriberPreferences@7f401d28]" name="beforePowerMockTestMethod" is-config="true" duration-ms="10" started-at="2013-09-06T17:26:30Z" finished-at="2013-09-06T17:26:30Z">
          <reporter-output>
          </reporter-output>
        </test-method> <!-- beforePowerMockTestMethod -->
        <test-method status="PASS" signature="correctPreferenceList_WithContext_returnsPreferenceEntity_WithContext()[pri:0, instance:com.ge.dsp.event.subscriber.core.impl.listener.WhenRetrievingSubscriberPreferences@7f401d28]" name="correctPreferenceList_WithContext_returnsPreferenceEntity_WithContext" duration-ms="392" started-at="2013-09-06T17:26:30Z" finished-at="2013-09-06T17:26:30Z">
          <reporter-output>
          </reporter-output>
        </test-method> <!-- correctPreferenceList_WithContext_returnsPreferenceEntity_WithContext -->
        <test-method status="PASS" signature="afterPowerMockTestMethod()[pri:0, instance:com.ge.dsp.event.subscriber.core.impl.listener.WhenRetrievingSubscriberPreferences@7f401d28]" name="afterPowerMockTestMethod" is-config="true" duration-ms="1" started-at="2013-09-06T17:26:30Z" finished-at="2013-09-06T17:26:30Z">
          <reporter-output>
          </reporter-output>
        </test-method> <!-- afterPowerMockTestMethod -->
        <test-method status="PASS" signature="beforePowerMockTestMethod()[pri:0, instance:com.ge.dsp.event.subscriber.core.impl.listener.WhenRetrievingSubscriberPreferences@7f401d28]" name="beforePowerMockTestMethod" is-config="true" duration-ms="0" started-at="2013-09-06T17:26:30Z" finished-at="2013-09-06T17:26:30Z">
          <reporter-output>
          </reporter-output>
        </test-method> <!-- beforePowerMockTestMethod -->
        <test-method status="PASS" signature="jsonWithoutSubscriptionInformation_Returns_EmptyPreferenceEntitiesList()[pri:0, instance:com.ge.dsp.event.subscriber.core.impl.listener.WhenRetrievingSubscriberPreferences@7f401d28]" name="jsonWithoutSubscriptionInformation_Returns_EmptyPreferenceEntitiesList" duration-ms="16" started-at="2013-09-06T17:26:30Z" finished-at="2013-09-06T17:26:30Z">
          <reporter-output>
          </reporter-output>
        </test-method> <!-- jsonWithoutSubscriptionInformation_Returns_EmptyPreferenceEntitiesList -->
        <test-method status="PASS" signature="afterPowerMockTestMethod()[pri:0, instance:com.ge.dsp.event.subscriber.core.impl.listener.WhenRetrievingSubscriberPreferences@7f401d28]" name="afterPowerMockTestMethod" is-config="true" duration-ms="0" started-at="2013-09-06T17:26:30Z" finished-at="2013-09-06T17:26:30Z">
          <reporter-output>
          </reporter-output>
        </test-method> <!-- afterPowerMockTestMethod -->
        <test-method status="PASS" signature="nullUserPreferenceList_ReturnsNullPreferenceEntitiesList()[pri:0, instance:com.ge.dsp.event.subscriber.core.impl.listener.WhenRetrievingSubscriberPreferences@7f401d28]" name="nullUserPreferenceList_ReturnsNullPreferenceEntitiesList" duration-ms="3" started-at="2013-09-06T17:26:30Z" finished-at="2013-09-06T17:26:30Z">
          <reporter-output>
          </reporter-output>
        </test-method> <!-- nullUserPreferenceList_ReturnsNullPreferenceEntitiesList -->
        <test-method status="PASS" signature="beforePowerMockTestMethod()[pri:0, instance:com.ge.dsp.event.subscriber.core.impl.listener.WhenRetrievingSubscriberPreferences@7f401d28]" name="beforePowerMockTestMethod" is-config="true" duration-ms="0" started-at="2013-09-06T17:26:30Z" finished-at="2013-09-06T17:26:30Z">
          <reporter-output>
          </reporter-output>
        </test-method> <!-- beforePowerMockTestMethod -->
        <test-method status="PASS" signature="afterPowerMockTestMethod()[pri:0, instance:com.ge.dsp.event.subscriber.core.impl.listener.WhenRetrievingSubscriberPreferences@7f401d28]" name="afterPowerMockTestMethod" is-config="true" duration-ms="1" started-at="2013-09-06T17:26:30Z" finished-at="2013-09-06T17:26:30Z">
          <reporter-output>
          </reporter-output>
        </test-method> <!-- afterPowerMockTestMethod -->
        <test-method status="PASS" signature="beforePowerMockTestMethod()[pri:0, instance:com.ge.dsp.event.subscriber.core.impl.listener.WhenRetrievingSubscriberPreferences@7f401d28]" name="beforePowerMockTestMethod" is-config="true" duration-ms="1" started-at="2013-09-06T17:26:30Z" finished-at="2013-09-06T17:26:30Z">
          <reporter-output>
          </reporter-output>
        </test-method> <!-- beforePowerMockTestMethod -->
        <test-method status="PASS" signature="preferenceListWithNullJasonFlag_returnsEmptyUserPreferenceEntitiesList()[pri:0, instance:com.ge.dsp.event.subscriber.core.impl.listener.WhenRetrievingSubscriberPreferences@7f401d28]" name="preferenceListWithNullJasonFlag_returnsEmptyUserPreferenceEntitiesList" duration-ms="2" started-at="2013-09-06T17:26:30Z" finished-at="2013-09-06T17:26:30Z">
          <reporter-output>
          </reporter-output>
        </test-method> <!-- preferenceListWithNullJasonFlag_returnsEmptyUserPreferenceEntitiesList -->
        <test-method status="PASS" signature="afterPowerMockTestMethod()[pri:0, instance:com.ge.dsp.event.subscriber.core.impl.listener.WhenRetrievingSubscriberPreferences@7f401d28]" name="afterPowerMockTestMethod" is-config="true" duration-ms="1" started-at="2013-09-06T17:26:30Z" finished-at="2013-09-06T17:26:30Z">
          <reporter-output>
          </reporter-output>
        </test-method> <!-- afterPowerMockTestMethod -->
        <test-method status="PASS" signature="afterPowerMockTestClass()[pri:0, instance:com.ge.dsp.event.subscriber.core.impl.listener.WhenRetrievingSubscriberPreferences@7f401d28]" name="afterPowerMockTestClass" is-config="true" duration-ms="0" started-at="2013-09-06T17:26:30Z" finished-at="2013-09-06T17:26:30Z">
          <reporter-output>
          </reporter-output>
        </test-method> <!-- afterPowerMockTestClass -->
      </class> <!-- com.ge.dsp.event.subscriber.core.impl.listener.WhenRetrievingSubscriberPreferences -->
    </test> <!-- Default test -->
  </suite> <!-- Default suite -->
</testng-results>
